<?xml version="1.0" encoding="UTF-8"?>
<!-- Generated by org.testng.reporters.JUnitReportReporter -->
<testsuite hostname="DESKTOP-2NI8GCS" failures="0" tests="4" name="com.TestNG.dataprovider_Test" time="12.846" errors="0" timestamp="2023-09-29T15:22:27 IST" skipped="0">
  <testcase classname="com.TestNG.dataprovider_Test" name="getInput" time="3.247"/>
  <testcase classname="com.TestNG.dataprovider_Test" name="getInput" time="3.243"/>
  <testcase classname="com.TestNG.dataprovider_Test" name="getInput" time="2.808"/>
  <testcase classname="com.TestNG.dataprovider_Test" name="getInput" time="3.548"/>
</testsuite> <!-- com.TestNG.dataprovider_Test -->
