<?xml version="1.0" encoding="UTF-8"?>
<!-- Generated by org.testng.reporters.JUnitReportReporter -->
<testsuite hostname="DESKTOP-2NI8GCS" failures="0" tests="2" name="com.TestNG.Depends_On_Methods" time="0.014" errors="0" timestamp="2023-09-26T23:25:15 IST" skipped="0">
  <testcase classname="com.TestNG.Depends_On_Methods" name="student" time="0.002"/>
  <testcase classname="com.TestNG.Depends_On_Methods" name="school" time="0.012"/>
</testsuite> <!-- com.TestNG.Depends_On_Methods -->
