<?xml version="1.0" encoding="UTF-8"?>
<!-- Generated by org.testng.reporters.JUnitReportReporter -->
<testsuite hostname="DESKTOP-2NI8GCS" failures="0" tests="1" name="com.TestNG.NewTest" time="0.003" errors="0" timestamp="2023-10-03T23:53:16 IST" skipped="0">
  <testcase classname="com.TestNG.NewTest" name="f" time="0.003"/>
</testsuite> <!-- com.TestNG.NewTest -->
