<?xml version="1.0" encoding="UTF-8"?>
<!-- Generated by org.testng.reporters.JUnitReportReporter -->
<testsuite hostname="DESKTOP-2NI8GCS" failures="0" tests="3" name="com.TestNG.Priority" time="0.019" errors="0" timestamp="2023-09-26T22:32:45 IST" skipped="0">
  <testcase classname="com.TestNG.Priority" name="student" time="0.005"/>
  <testcase classname="com.TestNG.Priority" name="employee" time="0.011"/>
  <testcase classname="com.TestNG.Priority" name="add" time="0.003"/>
</testsuite> <!-- com.TestNG.Priority -->
