<?xml version="1.0" encoding="UTF-8"?>
<!-- Generated by org.testng.reporters.JUnitReportReporter -->
<testsuite hostname="DESKTOP-2NI8GCS" failures="0" tests="3" name="com.TestNG.Enabled" time="0.006" errors="0" timestamp="2023-09-26T22:36:22 IST" skipped="2">
  <testcase classname="com.TestNG.Enabled" name="add" time="0.006"/>
  <testcase classname="com.TestNG.Enabled" name="student">
    <skipped/>
  </testcase> <!-- student -->
  <testcase classname="com.TestNG.Enabled" name="employee">
    <skipped/>
  </testcase> <!-- employee -->
</testsuite> <!-- com.TestNG.Enabled -->
