<?xml version="1.0" encoding="UTF-8"?>
<!-- Generated by org.testng.reporters.JUnitReportReporter -->
<testsuite hostname="DESKTOP-2NI8GCS" failures="0" tests="1" name="com.TestNG.Parameters_Test" time="0.011" errors="0" timestamp="2023-09-29T22:36:13 IST" skipped="0">
  <testcase classname="com.TestNG.Parameters_Test" name="login" time="0.011"/>
</testsuite> <!-- com.TestNG.Parameters_Test -->
