<?xml version="1.0" encoding="UTF-8"?>
<!-- Generated by org.testng.reporters.JUnitReportReporter -->
<testsuite hostname="DESKTOP-2NI8GCS" failures="0" tests="2" name="com.TestNG.Parallel_Prac" time="0.023" errors="0" timestamp="2023-09-29T22:16:54 IST" skipped="0">
  <testcase classname="com.TestNG.Parallel_Prac" name="sub" time="0.011"/>
  <testcase classname="com.TestNG.Parallel_Prac" name="add" time="0.012"/>
</testsuite> <!-- com.TestNG.Parallel_Prac -->
