<?xml version="1.0" encoding="UTF-8"?>
<!-- Generated by org.testng.reporters.JUnitReportReporter -->
<testsuite hostname="DESKTOP-2NI8GCS" failures="0" tests="3" name="com.TestNG.Invocation_count" time="0.010" errors="0" timestamp="2023-09-28T10:12:29 IST" skipped="0">
  <testcase classname="com.TestNG.Invocation_count" name="sub2" time="0.001"/>
  <testcase classname="com.TestNG.Invocation_count" name="sub1" time="0.007"/>
  <testcase classname="com.TestNG.Invocation_count" name="sub3" time="0.002"/>
</testsuite> <!-- com.TestNG.Invocation_count -->
