<?xml version="1.0" encoding="UTF-8"?>
<!-- Generated by org.testng.reporters.JUnitReportReporter -->
<testsuite hostname="DESKTOP-2NI8GCS" failures="0" tests="2" name="com.TestNG.Crossby_Prac" time="9.225" errors="0" timestamp="2023-09-29T23:07:32 IST" skipped="0">
  <testcase classname="com.TestNG.Crossby_Prac" name="firefox" time="5.366"/>
  <testcase classname="com.TestNG.Crossby_Prac" name="chrome" time="3.859"/>
</testsuite> <!-- com.TestNG.Crossby_Prac -->
