<?xml version="1.0" encoding="UTF-8"?>
<!-- Generated by org.testng.reporters.JUnitReportReporter -->
<testsuite hostname="DESKTOP-2NI8GCS" failures="0" tests="2" name="com.TestngAdac.Adac_Testng" time="1.783" errors="0" timestamp="2023-10-04T00:26:18 IST" skipped="1">
  <testcase classname="com.TestngAdac.Adac_Testng" name="sel_Hotel" time="1.783"/>
  <testcase classname="com.TestngAdac.Adac_Testng" name="Confirmation_Prac">
    <skipped/>
  </testcase> <!-- Confirmation_Prac -->
</testsuite> <!-- com.TestngAdac.Adac_Testng -->
